<?xml version="1.0" encoding="UTF-8"?>
<testsuite xmlns:xsi="http://www.w3.org/2001/XMLSchema-instance" xsi:noNamespaceSchemaLocation="https://maven.apache.org/surefire/maven-surefire-plugin/xsd/surefire-test-report-3.0.xsd" version="3.0" name="com.randolflu.RedisTest" time="3.94" tests="2" errors="0" skipped="0" failures="0">
  <properties>
[...]
</properties>
  <testcase name="get" classname="com.randolflu.RedisTest" time="1.127">
    <system-out><![CDATA[13:56:40.197 [main] INFO org.springframework.test.context.support.AnnotationConfigContextLoaderUtils -- Could not detect default configuration classes for test class [com.randolflu.RedisTest]: RedisTest does not declare any static, non-private, non-final, nested classes annotated with @Configuration.
13:56:40.259 [main] INFO org.springframework.boot.test.context.SpringBootTestContextBootstrapper -- Found @SpringBootConfiguration com.randolflu.BigEventApplication for test class com.randolflu.RedisTest

  .   ____          _            __ _ _
 /\\ / ___'_ __ _ _(_)_ __  __ _ \ \ \ \
( ( )\___ | '_ | '_| | '_ \/ _` | \ \ \ \
 \\/  ___)| |_)| | | | | || (_| |  ) ) ) )
  '  |____| .__|_| |_|_| |_\__, | / / / /
 =========|_|==============|___/=/_/_/_/
 :: Spring Boot ::                (v3.2.9)

2024-09-03T13:56:40.524+08:00  INFO 19096 --- [           main] com.randolflu.RedisTest                  : Starting RedisTest using Java 17.0.11 with PID 19096 (started by RuoYang in D:\CodeSpace\learn-record\SpringBoot\big-event)
2024-09-03T13:56:40.525+08:00  INFO 19096 --- [           main] com.randolflu.RedisTest                  : No active profile set, falling back to 1 default profile: "default"
2024-09-03T13:56:41.025+08:00  INFO 19096 --- [           main] .s.d.r.c.RepositoryConfigurationDelegate : Multiple Spring Data modules found, entering strict repository configuration mode
2024-09-03T13:56:41.028+08:00  INFO 19096 --- [           main] .s.d.r.c.RepositoryConfigurationDelegate : Bootstrapping Spring Data Redis repositories in DEFAULT mode.
2024-09-03T13:56:41.050+08:00  INFO 19096 --- [           main] .s.d.r.c.RepositoryConfigurationDelegate : Finished Spring Data repository scanning in 6 ms. Found 0 Redis repository interfaces.
2024-09-03T13:56:42.911+08:00  INFO 19096 --- [           main] com.randolflu.RedisTest                  : Started RedisTest in 2.566 seconds (process running for 5.015)
zhangsan
]]></system-out>
  </testcase>
  <testcase name="set" classname="com.randolflu.RedisTest" time="0.009"/>
</testsuite>